<?xml version="1.0" encoding="UTF-8" ?>
<testsuites>
 <testsuite name="Super Calculator demo :" timestamp="2016-07-08T11:01:01" hostname="localhost" time="16.136" errors="0" tests="4" skipped="0" disabled="0" failures="0">
  <testcase classname="Super Calculator demo :" name="Add functionality should correct." time="4.179" />
  <testcase classname="Super Calculator demo :" name="Substraction functionality should correct." time="2.682" />
  <testcase classname="Super Calculator demo :" name="Division functionality should correct." time="2.582" />
  <testcase classname="Super Calculator demo :" name="Should has a history." time="6.693" />
 </testsuite>
</testsuites>