<?xml version="1.0" encoding="UTF-8" ?>
<testsuites>
 <testsuite name="Super Calculator demo :" timestamp="2016-07-08T11:02:40" hostname="localhost" time="27.739" errors="0" tests="4" skipped="0" disabled="0" failures="0">
  <testcase classname="Super Calculator demo :" name="Add functionality should correct." time="3.834" />
  <testcase classname="Super Calculator demo :" name="Substraction functionality should correct." time="2.793" />
  <testcase classname="Super Calculator demo :" name="Division functionality should correct." time="2.609" />
  <testcase classname="Super Calculator demo :" name="Should has a history." time="18.502" />
 </testsuite>
</testsuites>